['integer', -1]
['id', 5]
[';', -1]
['integer', -1]
['id', 9]
[';', -1]
['read', -1]
['(', -1]
['id', 5]
[')', -1]
[';', -1]
['read', -1]
['(', -1]
['id', 9]
[')', -1]
[';', -1]
['while', -1]
['(', -1]
['id', 5]
['%', -1]
['id', 9]
['==', -1]
['const', 0]
[')', -1]
['{', -1]
['id', 5]
['=', -1]
['id', 5]
['/', -1]
['id', 9]
[';', -1]
['}', -1]
['if', -1]
['(', -1]
['id', 5]
['==', -1]
['const', 1]
[')', -1]
['{', -1]
['print', -1]
['(', -1]
['const', 4]
[')', -1]
[';', -1]
['}', -1]
['otherwise', -1]
['{', -1]
['print', -1]
['(', -1]
['const', 2]
[')', -1]
[';', -1]
['}', -1]
