Node(1,<program>,0,0)
Node(2,<decl_list>,1,0)
Node(3,<compound_stmt>,1,2)
Node(4,<declaration>,2,0)
Node(5,<new_decl>,2,4)
Node(6,<type>,4,0)
Node(7,identifier,4,6)
Node(8,;,4,7)
Node(9,<primitive_type>,6,0)
Node(10,integer,9,0)
Node(11,<decl_list>,5,0)
Node(12,<declaration>,11,0)
Node(13,<new_decl>,11,12)
Node(14,<type>,12,0)
Node(15,identifier,12,14)
Node(16,;,12,15)
Node(17,<primitive_type>,14,0)
Node(18,string,17,0)
Node(19,epsilon,13,0)
Node(20,<stmt_list>,3,0)
Node(21,<stmt>,20,0)
Node(22,<aux_stmt>,20,21)
Node(23,<simple_stmt>,21,0)
Node(24,<assign_stmt>,23,0)
Node(25,identifier,24,0)
Node(26,=,24,25)
Node(27,<expression>,24,26)
Node(28,;,24,27)
Node(29,<term>,27,0)
Node(30,<expression2>,27,29)
Node(31,<factor>,29,0)
Node(32,<term2>,29,31)
Node(33,constant,31,0)
Node(34,epsilon,32,0)
Node(35,epsilon,30,0)
Node(36,<stmt_list>,22,0)
Node(37,<stmt>,36,0)
Node(38,<aux_stmt>,36,37)
Node(39,<struct_stmt>,37,0)
Node(40,<if_stmt>,39,0)
Node(41,if,40,0)
Node(42,(,40,41)
Node(43,<condition>,40,42)
Node(44,),40,43)
Node(45,{,40,44)
Node(46,<stmt_list>,40,45)
Node(47,},40,46)
Node(48,<otherwise_stmt>,40,47)
Node(49,<expression>,43,0)
Node(50,<relation>,43,49)
Node(51,<expression>,43,50)
Node(52,<term>,49,0)
Node(53,<expression2>,49,52)
Node(54,<factor>,52,0)
Node(55,<term2>,52,54)
Node(56,identifier,54,0)
Node(57,epsilon,55,0)
Node(58,epsilon,53,0)
Node(59,>,50,0)
Node(60,<term>,51,0)
Node(61,<expression2>,51,60)
Node(62,<factor>,60,0)
Node(63,<term2>,60,62)
Node(64,constant,62,0)
Node(65,epsilon,63,0)
Node(66,epsilon,61,0)
Node(67,<stmt>,46,0)
Node(68,<aux_stmt>,46,67)
Node(69,<simple_stmt>,67,0)
Node(70,<io_stmt>,69,0)
Node(71,print,70,0)
Node(72,(,70,71)
Node(73,<id_or_const>,70,72)
Node(74,),70,73)
Node(75,;,70,74)
Node(76,constant,73,0)
Node(77,epsilon,68,0)
Node(78,epsilon,48,0)
Node(79,<stmt_list>,38,0)
Node(80,<stmt>,79,0)
Node(81,<aux_stmt>,79,80)
Node(82,<simple_stmt>,80,0)
Node(83,<io_stmt>,82,0)
Node(84,print,83,0)
Node(85,(,83,84)
Node(86,<id_or_const>,83,85)
Node(87,),83,86)
Node(88,;,83,87)
Node(89,identifier,86,0)
Node(90,epsilon,81,0)
